C51 COMPILER V9.60.0.0   LAB5                                                              11/03/2020 14:43:23 PAGE 1   


C51 COMPILER V9.60.0.0, COMPILATION OF MODULE LAB5
OBJECT MODULE PLACED IN .\Objects\Lab5.obj
COMPILER INVOKED BY: C:\Keil_v5\C51\BIN\C51.EXE Lab5.c OPTIMIZE(5,SIZE) BROWSE DEBUG OBJECTEXTEND CODE PRINT(.\Listings\
                    -Lab5.lst) TABS(2) OBJECT(.\Objects\Lab5.obj)

line level    source

   1          #include <reg51.h> 
   2           
   3          char bdata mem;
   4          sbit y1 = mem^0; 
   5          sbit y2 = mem^1; 
   6          sbit y3 = mem^2;
   7          sbit y4 = mem^3;
   8          sbit z = P1^0; 
   9           
  10          main() {    
  11   1        for(mem=0;mem<8;mem++) {
  12   2          P1 <<= 1;
  13   2          z = (!y1 | !y2 & y3) &(!y2 |y4); 
  14   2        }
  15   1        return 0;
  16   1      } 
C51 COMPILER V9.60.0.0   LAB5                                                              11/03/2020 14:43:23 PAGE 2   

ASSEMBLY LISTING OF GENERATED OBJECT CODE


             ; FUNCTION main (BEGIN)
                                           ; SOURCE LINE # 10
                                           ; SOURCE LINE # 11
0000 E4                CLR     A
0001 F500        R     MOV     mem,A
0003         ?C0001:
0003 AF00        R     MOV     R7,mem
0005 EF                MOV     A,R7
0006 33                RLC     A
0007 95E0              SUBB    A,ACC
0009 FE                MOV     R6,A
000A C3                CLR     C
000B EF                MOV     A,R7
000C 9408              SUBB    A,#08H
000E EE                MOV     A,R6
000F 6480              XRL     A,#080H
0011 9480              SUBB    A,#080H
0013 501A              JNC     ?C0002
                                           ; SOURCE LINE # 12
0015 E590              MOV     A,P1
0017 25E0              ADD     A,ACC
0019 F590              MOV     P1,A
                                           ; SOURCE LINE # 13
001B A200        R     MOV     C,y3
001D B000        R     ANL     C,/y2
001F A000        R     ORL     C,/y1
0021 92F7              MOV     B.7,C
0023 A200        R     MOV     C,y4
0025 A000        R     ORL     C,/y2
0027 82F7              ANL     C,B.7
0029 9290              MOV     z,C
                                           ; SOURCE LINE # 14
002B 0500        R     INC     mem
002D 80D4              SJMP    ?C0001
002F         ?C0002:
                                           ; SOURCE LINE # 15
002F E4                CLR     A
0030 FE                MOV     R6,A
0031 FF                MOV     R7,A
                                           ; SOURCE LINE # 16
0032 22                RET     
             ; FUNCTION main (END)



MODULE INFORMATION:   STATIC OVERLAYABLE
   CODE SIZE        =     51    ----
   CONSTANT SIZE    =   ----    ----
   XDATA SIZE       =   ----    ----
   PDATA SIZE       =   ----    ----
   DATA SIZE        =      1    ----
   IDATA SIZE       =   ----    ----
   BIT SIZE         =   ----    ----
END OF MODULE INFORMATION.


C51 COMPILATION COMPLETE.  0 WARNING(S),  0 ERROR(S)
